Flutter crash report.
Please report a bug at https://github.com/flutter/flutter/issues.

## command

flutter --quiet assemble --no-version-check --depfile C:\dev\twsap\twsap\build\app\intermediates\flutter\debug/flutter_build.d --output C:\dev\twsap\twsap\build\app\intermediates\flutter\debug -dTargetFile=C:\dev\twsap\twsap\lib\main.dart -dTargetPlatform=android -dBuildMode=debug -dTrackWidgetCreation=true --DartDefines=RkxVVFRFUl9XRUJfQVVUT19ERVRFQ1Q9dHJ1ZQ==,RkxVVFRFUl9XRUJfQ0FOVkFTS0lUX1VSTD1odHRwczovL3d3dy5nc3RhdGljLmNvbS9mbHV0dGVyLWNhbnZhc2tpdC8yZTRiYTljNmZiNDk5Y2NkNGU4MTQyMDU0Mzc4M2NjNzI2N2FlNDA2Lw== -dFlavor= -dAndroidArchs=android-x64 -dMinSdkVersion=22 -dIsAndroidLibrary=false debug_android_application

## exception

PathAccessException: PathAccessException: Cannot delete file, path = 'C:\dev\twsap\twsap\build\app\intermediates\flutter\debug\flutter_assets\isolate_snapshot_data' (OS Error: The process cannot access the file because it is being used by another process.
, errno = 32)

```
#0      _File.throwIfError (dart:io/file_impl.dart:675:7)
#1      _File._deleteSync (dart:io/file_impl.dart:329:5)
#2      FileSystemEntity.deleteSync (dart:io/file_system_entity.dart:407:7)
#3      ForwardingFileSystemEntity.deleteSync (package:file/src/forwarding/forwarding_file_system_entity.dart:70:16)
#4      ForwardingFileSystemEntity.deleteSync (package:file/src/forwarding/forwarding_file_system_entity.dart:70:16)
#5      ErrorHandlingFileSystem.deleteIfExists (package:flutter_tools/src/base/error_handling_io.dart:80:12)
#6      FlutterBuildSystem.trackSharedBuildDirectory (package:flutter_tools/src/build_system/build_system.dart:764:33)
#7      FlutterBuildSystem.build (package:flutter_tools/src/build_system/build_system.dart:652:5)
<asynchronous suspension>
#8      AssembleCommand.runCommand (package:flutter_tools/src/commands/assemble.dart:318:32)
<asynchronous suspension>
#9      FlutterCommand.run.<anonymous closure> (package:flutter_tools/src/runner/flutter_command.dart:1389:27)
<asynchronous suspension>
#10     AppContext.run.<anonymous closure> (package:flutter_tools/src/base/context.dart:153:19)
<asynchronous suspension>
#11     CommandRunner.runCommand (package:args/command_runner.dart:212:13)
<asynchronous suspension>
#12     FlutterCommandRunner.runCommand.<anonymous closure> (package:flutter_tools/src/runner/flutter_command_runner.dart:355:9)
<asynchronous suspension>
#13     AppContext.run.<anonymous closure> (package:flutter_tools/src/base/context.dart:153:19)
<asynchronous suspension>
#14     FlutterCommandRunner.runCommand (package:flutter_tools/src/runner/flutter_command_runner.dart:295:5)
<asynchronous suspension>
#15     run.<anonymous closure>.<anonymous closure> (package:flutter_tools/runner.dart:119:9)
<asynchronous suspension>
#16     AppContext.run.<anonymous closure> (package:flutter_tools/src/base/context.dart:153:19)
<asynchronous suspension>
#17     main (package:flutter_tools/executable.dart:90:3)
<asynchronous suspension>
```

## flutter doctor

```
[☠] Flutter (the doctor check crashed)
    ✗ Due to an error, the doctor check did not complete. If the error message below is not helpful, please let us know about this issue at https://github.com/flutter/flutter/issues.
    ✗ Error: Cannot find the executable for `where`. This can happen if the System32 folder (e.g. C:\Windows\System32 ) is removed from the PATH environment variable. Ensure that this is present and then try again after restarting the terminal and/or IDE.
    • #0      throwToolExit (package:flutter_tools/src/base/common.dart:10:3)
      #1      _WindowsUtils._which (package:flutter_tools/src/base/os.dart:488:7)
      #2      OperatingSystemUtils.which (package:flutter_tools/src/base/os.dart:92:31)
      #3      FlutterValidator._validateSdkBinary (package:flutter_tools/src/doctor.dart:666:52)
      #4      FlutterValidator._validateRequiredBinaries (package:flutter_tools/src/doctor.dart:653:47)
      #5      FlutterValidator.validate (package:flutter_tools/src/doctor.dart:567:7)
      #6      Doctor.startValidatorTasks.<anonymous closure> (package:flutter_tools/src/doctor.dart:272:72)
      #7      asyncGuard.<anonymous closure> (package:flutter_tools/src/base/async_guard.dart:111:32)
      #8      _rootRun (dart:async/zone.dart:1399:13)
      #9      _CustomZone.run (dart:async/zone.dart:1301:19)
      #10     _runZoned (dart:async/zone.dart:1804:10)
      #11     runZonedGuarded (dart:async/zone.dart:1792:12)
      #12     runZoned (dart:async/zone.dart:1744:12)
      #13     asyncGuard (package:flutter_tools/src/base/async_guard.dart:109:3)
      #14     Doctor.startValidatorTasks (package:flutter_tools/src/doctor.dart:264:9)
      #15     DoctorText._validatorTasks (package:flutter_tools/src/doctor.dart:792:60)
      #16     DoctorText._validatorTasks (package:flutter_tools/src/doctor.dart)
      #17     DoctorText._runDiagnosis (package:flutter_tools/src/doctor.dart:796:53)
      #18     DoctorText.text (package:flutter_tools/src/doctor.dart:788:36)
      #19     DoctorText.text (package:flutter_tools/src/doctor.dart)
      #20     _createLocalCrashReport (package:flutter_tools/runner.dart:262:51)
      #21     _handleToolError (package:flutter_tools/runner.dart:224:31)
      <asynchronous suspension>
      #22     AppContext.run.<anonymous closure> (package:flutter_tools/src/base/context.dart:153:19)
      <asynchronous suspension>
      #23     main (package:flutter_tools/executable.dart:90:3)
      <asynchronous suspension>


[✓] Windows Version (Installed version of Windows is version 10 or higher)

[!] Android toolchain - develop for Android devices (Android SDK version 34.0.0)
    • Android SDK at C:\Users\charvin khanpara\AppData\Local\Android\sdk
    ✗ cmdline-tools component is missing
      Run `path/to/sdkmanager --install "cmdline-tools;latest"`
      See https://developer.android.com/studio/command-line for more details.
    ✗ Android license status unknown.
      Run `flutter doctor --android-licenses` to accept the SDK licenses.
      See https://flutter.dev/docs/get-started/install/windows#android-setup for more details.

[✓] Chrome - develop for the web
    • Chrome at C:\Program Files\Google\Chrome\Application\chrome.exe

[✗] Visual Studio - develop Windows apps
    ✗ Visual Studio not installed; this is necessary to develop Windows apps.
      Download at https://visualstudio.microsoft.com/downloads/.
      Please install the "Desktop development with C++" workload, including all of its default components

[✓] Android Studio (version 2023.2)
    • Android Studio at C:\Program Files\Android\Android Studio
    • Flutter plugin can be installed from:
      🔨 https://plugins.jetbrains.com/plugin/9212-flutter
    • Dart plugin can be installed from:
      🔨 https://plugins.jetbrains.com/plugin/6351-dart
    • Java version OpenJDK Runtime Environment (build 17.0.9+0--11185874)

[✓] VS Code (version 1.89.1)
    • VS Code at C:\Users\charvin khanpara\AppData\Local\Programs\Microsoft VS Code
    • Flutter extension version 3.90.0

[✓] Connected device (3 available)
    • sdk gphone x86 64 (mobile) • emulator-5554 • android-x64    • Android 13 (API 33) (emulator)
    • Windows (desktop)          • windows       • windows-x64    • Microsoft Windows [Version 10.0.22631.3672]
    • Chrome (web)               • chrome        • web-javascript • unknown

[✓] Network resources
    • All expected network resources are available.

! Doctor found issues in 3 categories.
```
